<?xml version="1.0" encoding="UTF-8"?>
<!-- Generated by org.testng.reporters.JUnitXMLReporter -->
<testsuite ignored="1" hostname="Lenovo" failures="1" tests="11" name="Test" time="175.918" errors="0" timestamp="2022-11-17T22:16:55 IST">
  <testcase classname="Scenarios.Rediff" name="login1" time="21.12">
    <failure type="org.openqa.selenium.WebDriverException" message="unknown error: cannot determine loading status
from disconnected: unable to send message to renderer
  (Session info: chrome=107.0.5304.107)
Build info: version: &amp;apos;4.6.0&amp;apos;, revision: &amp;apos;79f1c02ae20&amp;apos;
System info: os.name: &amp;apos;Windows 7&amp;apos;, os.arch: &amp;apos;amd64&amp;apos;, os.version: &amp;apos;6.1&amp;apos;, java.version: &amp;apos;18.0.1&amp;apos;
Driver info: org.openqa.selenium.chrome.ChromeDriver
Command: [f881bc3966d4edb6cfa669b8de1ae919, clickElement {id=8ea74c57-6817-4883-bb88-da79d2431ce0}]
Capabilities {acceptInsecureCerts: false, browserName: chrome, browserVersion: 107.0.5304.107, chrome: {chromedriverVersion: 107.0.5304.62 (1eec40d3a576..., userDataDir: C:\Users\Arpana\AppData\Loc...}, goog:chromeOptions: {debuggerAddress: localhost:54262}, networkConnectionEnabled: false, pageLoadStrategy: normal, platformName: WINDOWS, proxy: Proxy(), se:cdp: ws://localhost:54262/devtoo..., se:cdpVersion: 107.0.5304.107, setWindowRect: true, strictFileInteractability: false, timeouts: {implicit: 0, pageLoad: 300000, script: 30000}, unhandledPromptBehavior: dismiss and notify, webauthn:extension:credBlob: true, webauthn:extension:largeBlob: true, webauthn:virtualAuthenticators: true}
Element: [[ChromeDriver: chrome on WINDOWS (f881bc3966d4edb6cfa669b8de1ae919)] -&amp;gt; xpath: /html/body/div[4]/div[1]/div/div[2]/a[2]]
Session ID: f881bc3966d4edb6cfa669b8de1ae919">
      <![CDATA[org.openqa.selenium.WebDriverException: unknown error: cannot determine loading status
from disconnected: unable to send message to renderer
  (Session info: chrome=107.0.5304.107)
Build info: version: '4.6.0', revision: '79f1c02ae20'
System info: os.name: 'Windows 7', os.arch: 'amd64', os.version: '6.1', java.version: '18.0.1'
Driver info: org.openqa.selenium.chrome.ChromeDriver
Command: [f881bc3966d4edb6cfa669b8de1ae919, clickElement {id=8ea74c57-6817-4883-bb88-da79d2431ce0}]
Capabilities {acceptInsecureCerts: false, browserName: chrome, browserVersion: 107.0.5304.107, chrome: {chromedriverVersion: 107.0.5304.62 (1eec40d3a576..., userDataDir: C:\Users\Arpana\AppData\Loc...}, goog:chromeOptions: {debuggerAddress: localhost:54262}, networkConnectionEnabled: false, pageLoadStrategy: normal, platformName: WINDOWS, proxy: Proxy(), se:cdp: ws://localhost:54262/devtoo..., se:cdpVersion: 107.0.5304.107, setWindowRect: true, strictFileInteractability: false, timeouts: {implicit: 0, pageLoad: 300000, script: 30000}, unhandledPromptBehavior: dismiss and notify, webauthn:extension:credBlob: true, webauthn:extension:largeBlob: true, webauthn:virtualAuthenticators: true}
Element: [[ChromeDriver: chrome on WINDOWS (f881bc3966d4edb6cfa669b8de1ae919)] -> xpath: /html/body/div[4]/div[1]/div/div[2]/a[2]]
Session ID: f881bc3966d4edb6cfa669b8de1ae919
at org.openqa.selenium.remote.codec.w3c.W3CHttpResponseCodec.createException(W3CHttpResponseCodec.java:200)
at org.openqa.selenium.remote.codec.w3c.W3CHttpResponseCodec.decode(W3CHttpResponseCodec.java:133)
at org.openqa.selenium.remote.codec.w3c.W3CHttpResponseCodec.decode(W3CHttpResponseCodec.java:53)
at org.openqa.selenium.remote.HttpCommandExecutor.execute(HttpCommandExecutor.java:184)
at org.openqa.selenium.remote.service.DriverCommandExecutor.invokeExecute(DriverCommandExecutor.java:167)
at org.openqa.selenium.remote.service.DriverCommandExecutor.execute(DriverCommandExecutor.java:142)
at org.openqa.selenium.remote.RemoteWebDriver.execute(RemoteWebDriver.java:541)
at org.openqa.selenium.remote.RemoteWebElement.execute(RemoteWebElement.java:257)
at org.openqa.selenium.remote.RemoteWebElement.click(RemoteWebElement.java:78)
at Scenarios.Rediff.login1(Rediff.java:57)
at java.base/java.util.ArrayList.forEach(ArrayList.java:1511)
... Removed 28 stack frames]]>
    </failure>
  </testcase> <!-- login1 -->
  <testcase classname="Scenarios.ThruTextFile" name="txtFile" time="0.01"/>
  <testcase classname="Scenarios.HandlingAlerts" name="handlingAlerts" time="34.128"/>
  <testcase classname="Scenarios.ReadFromWebTable" name="readFrmTable" time="35.679"/>
  <testcase classname="Scenarios.CompareWebTableData" name="readFromWebTbl" time="28.567"/>
  <testcase classname="Scenarios.CompareWebTableData" name="readFromTxtFile" time="0.003"/>
  <testcase classname="Scenarios.CompareWebTableData" name="compareData" time="0.004"/>
  <testcase classname="Scenarios.SwitchingWindows" name="switchWin" time="8.043"/>
  <testcase classname="Scenarios.MultiOptsListBox" name="listBox" time="14.395"/>
  <testcase classname="Scenarios.Vindeep" name="HandlingDiffObjs" time="17.3"/>
  <testcase classname="Scenarios.HandlingCaptcha" name="captcha1" time="7.037"/>
  <testcase classname="Scenarios.CompareWebTableData" name="compareData1" time="0.0">
    <ignored/>
  </testcase> <!-- compareData1 -->
</testsuite> <!-- Test -->
